#
# There is insufficient memory for the Java Runtime Environment to continue.
# Native memory allocation (malloc) failed to allocate 1048576 bytes for AllocateHeap
# Possible reasons:
#   The system is out of physical RAM or swap space
#   The process is running with CompressedOops enabled, and the Java Heap may be blocking the growth of the native heap
# Possible solutions:
#   Reduce memory load on the system
#   Increase physical memory or swap space
#   Check if swap backing store is full
#   Decrease Java heap size (-Xmx/-Xms)
#   Decrease number of Java threads
#   Decrease Java thread stack sizes (-Xss)
#   Set larger code cache with -XX:ReservedCodeCacheSize=
#   JVM is running with Unscaled Compressed Oops mode in which the Java heap is
#     placed in the first 4GB address space. The Java Heap base address is the
#     maximum limit for the native heap growth. Please use -XX:HeapBaseMinAddress
#     to set the Java Heap base and to place the Java Heap above 4GB virtual address.
# This output file may be truncated or incomplete.
#
#  Out of Memory Error (allocation.cpp:44), pid=28312, tid=2808
#
# JRE version: OpenJDK Runtime Environment Temurin-17.0.7+7 (17.0.7+7) (build 17.0.7+7)
# Java VM: OpenJDK 64-Bit Server VM Temurin-17.0.7+7 (17.0.7+7, mixed mode, emulated-client, tiered, compressed oops, compressed class ptrs, g1 gc, windows-amd64)
# No core dump will be written. Minidumps are not enabled by default on client versions of Windows
#

---------------  S U M M A R Y ------------

Command Line: -XX:+HeapDumpOnOutOfMemoryError -Xmx1024m -Dsts.lsp.client=vscode -Dsts.log.file=/dev/null -XX:TieredStopAtLevel=1 -Xlog:jni+resolve=off -Dspring.config.location=file:c:\Users\Hieu\.vscode\extensions\vmware.vscode-spring-boot-1.48.0\language-server\BOOT-INF\classes\application.properties org.springframework.ide.vscode.boot.app.BootLanguageServerBootApp

Host: AMD Ryzen 5 4600H with Radeon Graphics         , 12 cores, 7G,  Windows 11 , 64 bit Build 22621 (10.0.22621.1928)
Time: Tue Aug  8 15:08:44 2023 SE Asia Standard Time elapsed time: 17645.076665 seconds (0d 4h 54m 5s)

---------------  T H R E A D  ---------------

Current thread (0x000001fb976ef420):  VMThread "VM Thread" [stack: 0x000000dedb100000,0x000000dedb200000] [id=2808]

Stack: [0x000000dedb100000,0x000000dedb200000]
Native frames: (J=compiled Java code, j=interpreted, Vv=VM code, C=native code)
V  [jvm.dll+0x67754a]
V  [jvm.dll+0x834304]
V  [jvm.dll+0x835aae]
V  [jvm.dll+0x836113]
V  [jvm.dll+0x24696f]
V  [jvm.dll+0xa681f]
V  [jvm.dll+0x2f73f3]
V  [jvm.dll+0x2f30f0]
V  [jvm.dll+0x2db6c7]
V  [jvm.dll+0x31e777]
V  [jvm.dll+0x83a5bb]
V  [jvm.dll+0x83b2f4]
V  [jvm.dll+0x83b80c]
V  [jvm.dll+0x83bbe4]
V  [jvm.dll+0x83bcb0]
V  [jvm.dll+0x7e4e7a]
V  [jvm.dll+0x676395]
C  [ucrtbase.dll+0x29363]
C  [KERNEL32.DLL+0x126ad]
C  [ntdll.dll+0x5aa68]

VM_Operation (0x000000dedcdfed60): G1CollectFull, mode: safepoint, requested by thread 0x000001fb9d2e1010


---------------  P R O C E S S  ---------------

Threads class SMR info:
_java_thread_list=0x000001fb9db345e0, length=32, elements={
0x000001fb97705380, 0x000001fb977065e0, 0x000001fb97744130, 0x000001fb97744bf0,
0x000001fb977498d0, 0x000001fb9774a190, 0x000001fb9774ab00, 0x000001fb97874fa0,
0x000001fb97a58620, 0x000001fb97a65d10, 0x000001fb978fa030, 0x000001fb9cb91550,
0x000001fb9d2e1010, 0x000001fb9c6ad070, 0x000001fb8a3fde00, 0x000001fb9cf8d2b0,
0x000001fb9d38f470, 0x000001fb9d3c2180, 0x000001fb9d3fc930, 0x000001fb9d3f7760,
0x000001fb9d3f8100, 0x000001fb9d3f68f0, 0x000001fb9d3f9440, 0x000001fb9d3fa780,
0x000001fb9d3f85d0, 0x000001fb9d3fbac0, 0x000001fb9d3fbf90, 0x000001fb9d3f9910,
0x000001fb9d3fc460, 0x000001fb9d3fce00, 0x000001fb9d3f8f70, 0x000001fb9d3f9de0
}

Java Threads: ( => current thread )
  0x000001fb97705380 JavaThread "Reference Handler" daemon [_thread_blocked, id=9792, stack(0x000000dedb200000,0x000000dedb300000)]
  0x000001fb977065e0 JavaThread "Finalizer" daemon [_thread_blocked, id=4076, stack(0x000000dedb300000,0x000000dedb400000)]
  0x000001fb97744130 JavaThread "Signal Dispatcher" daemon [_thread_blocked, id=24404, stack(0x000000dedb400000,0x000000dedb500000)]
  0x000001fb97744bf0 JavaThread "Attach Listener" daemon [_thread_blocked, id=12184, stack(0x000000dedb500000,0x000000dedb600000)]
  0x000001fb977498d0 JavaThread "Service Thread" daemon [_thread_blocked, id=15336, stack(0x000000dedb600000,0x000000dedb700000)]
  0x000001fb9774a190 JavaThread "Monitor Deflation Thread" daemon [_thread_blocked, id=6840, stack(0x000000dedb700000,0x000000dedb800000)]
  0x000001fb9774ab00 JavaThread "C1 CompilerThread0" daemon [_thread_blocked, id=20504, stack(0x000000dedb800000,0x000000dedb900000)]
  0x000001fb97874fa0 JavaThread "Sweeper thread" daemon [_thread_blocked, id=16168, stack(0x000000dedb900000,0x000000dedba00000)]
  0x000001fb97a58620 JavaThread "Notification Thread" daemon [_thread_blocked, id=17892, stack(0x000000dedbb00000,0x000000dedbc00000)]
  0x000001fb97a65d10 JavaThread "Common-Cleaner" daemon [_thread_blocked, id=29336, stack(0x000000dedbd00000,0x000000dedbe00000)]
  0x000001fb978fa030 JavaThread "boundedElastic-evictor-1" daemon [_thread_blocked, id=13808, stack(0x000000dedc500000,0x000000dedc600000)]
  0x000001fb9cb91550 JavaThread "boundedElastic-evictor-2" daemon [_thread_blocked, id=15432, stack(0x000000dedcc00000,0x000000dedcd00000)]
  0x000001fb9d2e1010 JavaThread "pool-11-thread-1" [_thread_blocked, id=17420, stack(0x000000dedcd00000,0x000000dedce00000)]
  0x000001fb9c6ad070 JavaThread "LanguageServerApp-lifecycle" [_thread_blocked, id=25896, stack(0x000000dedce00000,0x000000dedcf00000)]
  0x000001fb8a3fde00 JavaThread "DestroyJavaVM" [_thread_blocked, id=26068, stack(0x000000dedab00000,0x000000dedac00000)]
  0x000001fb9cf8d2b0 JavaThread "pool-12-thread-1" [_thread_in_native, id=22900, stack(0x000000dedcf00000,0x000000dedd000000)]
  0x000001fb9d38f470 JavaThread "Simple-Language-Server main thread" daemon [_thread_blocked, id=23792, stack(0x000000dedd000000,0x000000dedd100000)]
  0x000001fb9d3c2180 JavaThread "pool-7-thread-1" [_thread_blocked, id=15656, stack(0x000000dedd300000,0x000000dedd400000)]
  0x000001fb9d3fc930 JavaThread "parallel-1" daemon [_thread_blocked, id=9956, stack(0x000000dede800000,0x000000dede900000)]
  0x000001fb9d3f7760 JavaThread "pool-5-thread-1" [_thread_blocked, id=6108, stack(0x000000dede900000,0x000000dedea00000)]
  0x000001fb9d3f8100 JavaThread "parallel-2" daemon [_thread_blocked, id=12964, stack(0x000000dedea00000,0x000000dedeb00000)]
  0x000001fb9d3f68f0 JavaThread "parallel-3" daemon [_thread_blocked, id=16924, stack(0x000000dedc700000,0x000000dedc800000)]
  0x000001fb9d3f9440 JavaThread "parallel-4" daemon [_thread_blocked, id=25320, stack(0x000000dedd500000,0x000000dedd600000)]
  0x000001fb9d3fa780 JavaThread "parallel-5" daemon [_thread_blocked, id=24848, stack(0x000000dedd600000,0x000000dedd700000)]
  0x000001fb9d3f85d0 JavaThread "Reconciler-1" daemon [_thread_blocked, id=16592, stack(0x000000dedd700000,0x000000dedd800000)]
  0x000001fb9d3fbac0 JavaThread "parallel-6" daemon [_thread_blocked, id=27764, stack(0x000000dedc600000,0x000000dedc700000)]
  0x000001fb9d3fbf90 JavaThread "parallel-7" daemon [_thread_blocked, id=25036, stack(0x000000dedd800000,0x000000dedd900000)]
  0x000001fb9d3f9910 JavaThread "parallel-8" daemon [_thread_blocked, id=28720, stack(0x000000dedd900000,0x000000dedda00000)]
  0x000001fb9d3fc460 JavaThread "parallel-9" daemon [_thread_blocked, id=22508, stack(0x000000dedda00000,0x000000deddb00000)]
  0x000001fb9d3fce00 JavaThread "parallel-10" daemon [_thread_blocked, id=4000, stack(0x000000deddb00000,0x000000deddc00000)]
  0x000001fb9d3f8f70 JavaThread "parallel-11" daemon [_thread_blocked, id=7364, stack(0x000000deddc00000,0x000000deddd00000)]
  0x000001fb9d3f9de0 JavaThread "parallel-12" daemon [_thread_blocked, id=27024, stack(0x000000deddd00000,0x000000dedde00000)]

Other Threads:
=>0x000001fb976ef420 VMThread "VM Thread" [stack: 0x000000dedb100000,0x000000dedb200000] [id=2808]
  0x000001fb97a58af0 WatcherThread [stack: 0x000000dedbc00000,0x000000dedbd00000] [id=11284]
  0x000001fb8a525290 GCTaskThread "GC Thread#0" [stack: 0x000000dedac00000,0x000000dedad00000] [id=4396]
  0x000001fb9c7fe040 GCTaskThread "GC Thread#1" [stack: 0x000000dedbe00000,0x000000dedbf00000] [id=27460]
  0x000001fb9c8401d0 GCTaskThread "GC Thread#2" [stack: 0x000000dedbf00000,0x000000dedc000000] [id=10108]
  0x000001fb9c840480 GCTaskThread "GC Thread#3" [stack: 0x000000dedc000000,0x000000dedc100000] [id=3580]
  0x000001fb9ca61100 GCTaskThread "GC Thread#4" [stack: 0x000000dedc100000,0x000000dedc200000] [id=12704]
  0x000001fb9ca617c0 GCTaskThread "GC Thread#5" [stack: 0x000000dedc200000,0x000000dedc300000] [id=27348]
  0x000001fb9ca61a70 GCTaskThread "GC Thread#6" [stack: 0x000000dedc300000,0x000000dedc400000] [id=1112]
  0x000001fb9ca61d20 GCTaskThread "GC Thread#7" [stack: 0x000000dedc400000,0x000000dedc500000] [id=17044]
  0x000001fb9ccbecd0 GCTaskThread "GC Thread#8" [stack: 0x000000dedc800000,0x000000dedc900000] [id=26308]
  0x000001fb9ccdfc70 GCTaskThread "GC Thread#9" [stack: 0x000000dedc900000,0x000000dedca00000] [id=8772]
  0x000001fb8a52e0e0 ConcurrentGCThread "G1 Main Marker" [stack: 0x000000dedad00000,0x000000dedae00000] [id=27004]
  0x000001fb8a52ea00 ConcurrentGCThread "G1 Conc#0" [stack: 0x000000dedae00000,0x000000dedaf00000] [id=28968]
  0x000001fb9cc63020 ConcurrentGCThread "G1 Conc#1" [stack: 0x000000dedca00000,0x000000dedcb00000] [id=25596]
  0x000001fb9cc76420 ConcurrentGCThread "G1 Conc#2" [stack: 0x000000dedcb00000,0x000000dedcc00000] [id=22904]
  0x000001fb8a59e4c0 ConcurrentGCThread "G1 Refine#0" [stack: 0x000000dedaf00000,0x000000dedb000000] [id=11144]
  0x000001fb9e1ac090 ConcurrentGCThread "G1 Refine#1" [stack: 0x000000dedeb00000,0x000000dedec00000] [id=27752]
  0x000001fb9d38f940 ConcurrentGCThread "G1 Refine#2" [stack: 0x000000dedec00000,0x000000deded00000] [id=16956]
  0x000001fb9e290e50 ConcurrentGCThread "G1 Refine#3" [stack: 0x000000deded00000,0x000000dedee00000] [id=14080]
  0x000001fb9d5cc8a0 ConcurrentGCThread "G1 Refine#4" [stack: 0x000000dedee00000,0x000000dedef00000] [id=7956]
  0x000001fb9e3dcd10 ConcurrentGCThread "G1 Refine#5" [stack: 0x000000dedf100000,0x000000dedf200000] [id=19288]
  0x000001fb9e3dd5b0 ConcurrentGCThread "G1 Refine#6" [stack: 0x000000dedf800000,0x000000dedf900000] [id=26724]
  0x000001fb97560090 ConcurrentGCThread "G1 Service" [stack: 0x000000dedb000000,0x000000dedb100000] [id=20908]

Threads with active compile tasks:

VM state: at safepoint (normal execution)

VM Mutex/Monitor currently owned by a thread:  ([mutex/lock_event])
[0x000001fb8a3421a0] Threads_lock - owner thread: 0x000001fb976ef420
[0x000001fb8a3fc3f0] Heap_lock - owner thread: 0x000001fb9d2e1010

Heap address: 0x00000000c0000000, size: 1024 MB, Compressed Oops mode: 32-bit

CDS archive(s) not mapped
Compressed class space mapped at: 0x0000000100000000-0x0000000140000000, reserved size: 1073741824
Narrow klass base: 0x0000000000000000, Narrow klass shift: 3, Narrow klass range: 0x140000000

GC Precious Log:
 CPUs: 12 total, 12 available
 Memory: 7549M
 Large Page Support: Disabled
 NUMA Support: Disabled
 Compressed Oops: Enabled (32-bit)
 Heap Region Size: 1M
 Heap Min Capacity: 8M
 Heap Initial Capacity: 118M
 Heap Max Capacity: 1G
 Pre-touch: Disabled
 Parallel Workers: 10
 Concurrent Workers: 3
 Concurrent Refinement Workers: 10
 Periodic GC: Disabled

Heap:
 garbage-first heap   total 150528K, used 44864K [0x00000000c0000000, 0x0000000100000000)
  region size 1024K, 1 young (1024K), 0 survivors (0K)
 Metaspace       used 67988K, committed 68416K, reserved 1114112K
  class space    used 9255K, committed 9472K, reserved 1048576K

Heap Regions: E=young(eden), S=young(survivor), O=old, HS=humongous(starts), HC=humongous(continues), CS=collection set, F=free, OA=open archive, CA=closed archive, TAMS=top-at-mark-start (previous, next)
|   0|0x00000000c0000000, 0x00000000c00ffff8, 0x00000000c0100000| 99%| O|  |TAMS 0x00000000c00ffff8, 0x00000000c0000000| Untracked 
|   1|0x00000000c0100000, 0x00000000c0200000, 0x00000000c0200000|100%| O|  |TAMS 0x00000000c0200000, 0x00000000c0100000| Untracked 
|   2|0x00000000c0200000, 0x00000000c0300000, 0x00000000c0300000|100%| O|  |TAMS 0x00000000c0300000, 0x00000000c0200000| Untracked 
|   3|0x00000000c0300000, 0x00000000c0400000, 0x00000000c0400000|100%| O|  |TAMS 0x00000000c0400000, 0x00000000c0300000| Untracked 
|   4|0x00000000c0400000, 0x00000000c0500000, 0x00000000c0500000|100%| O|  |TAMS 0x00000000c0500000, 0x00000000c0400000| Untracked 
|   5|0x00000000c0500000, 0x00000000c0600000, 0x00000000c0600000|100%| O|  |TAMS 0x00000000c0600000, 0x00000000c0500000| Untracked 
|   6|0x00000000c0600000, 0x00000000c0700000, 0x00000000c0700000|100%| O|  |TAMS 0x00000000c0700000, 0x00000000c0600000| Untracked 
|   7|0x00000000c0700000, 0x00000000c0800000, 0x00000000c0800000|100%| O|  |TAMS 0x00000000c0800000, 0x00000000c0700000| Untracked 
|   8|0x00000000c0800000, 0x00000000c08ffff8, 0x00000000c0900000| 99%| O|  |TAMS 0x00000000c08ffff8, 0x00000000c0800000| Untracked 
|   9|0x00000000c0900000, 0x00000000c0a00000, 0x00000000c0a00000|100%| O|  |TAMS 0x00000000c0a00000, 0x00000000c0900000| Untracked 
|  10|0x00000000c0a00000, 0x00000000c0afffd8, 0x00000000c0b00000| 99%| O|  |TAMS 0x00000000c0afffd8, 0x00000000c0a00000| Untracked 
|  11|0x00000000c0b00000, 0x00000000c0bffff8, 0x00000000c0c00000| 99%| O|  |TAMS 0x00000000c0bffff8, 0x00000000c0b00000| Untracked 
|  12|0x00000000c0c00000, 0x00000000c0cffff8, 0x00000000c0d00000| 99%| O|  |TAMS 0x00000000c0cffff8, 0x00000000c0c00000| Untracked 
|  13|0x00000000c0d00000, 0x00000000c0e00000, 0x00000000c0e00000|100%| O|  |TAMS 0x00000000c0e00000, 0x00000000c0d00000| Untracked 
|  14|0x00000000c0e00000, 0x00000000c0effff8, 0x00000000c0f00000| 99%| O|  |TAMS 0x00000000c0effff8, 0x00000000c0e00000| Untracked 
|  15|0x00000000c0f00000, 0x00000000c1000000, 0x00000000c1000000|100%| O|  |TAMS 0x00000000c1000000, 0x00000000c0f00000| Untracked 
|  16|0x00000000c1000000, 0x00000000c10ffff8, 0x00000000c1100000| 99%| O|  |TAMS 0x00000000c10ffff8, 0x00000000c1000000| Untracked 
|  17|0x00000000c1100000, 0x00000000c11fffd8, 0x00000000c1200000| 99%| O|  |TAMS 0x00000000c11fffd8, 0x00000000c1100000| Untracked 
|  18|0x00000000c1200000, 0x00000000c12fb7d0, 0x00000000c1300000| 98%| O|  |TAMS 0x00000000c12fb7d0, 0x00000000c1200000| Untracked 
|  19|0x00000000c1300000, 0x00000000c13ffff0, 0x00000000c1400000| 99%| O|  |TAMS 0x00000000c13ffff0, 0x00000000c1300000| Untracked 
|  20|0x00000000c1400000, 0x00000000c14ffff8, 0x00000000c1500000| 99%| O|  |TAMS 0x00000000c14ffff8, 0x00000000c1400000| Untracked 
|  21|0x00000000c1500000, 0x00000000c15fffd8, 0x00000000c1600000| 99%| O|  |TAMS 0x00000000c15fffd8, 0x00000000c1500000| Untracked 
|  22|0x00000000c1600000, 0x00000000c16fffe8, 0x00000000c1700000| 99%| O|  |TAMS 0x00000000c16fffe8, 0x00000000c1600000| Untracked 
|  23|0x00000000c1700000, 0x00000000c17ffff8, 0x00000000c1800000| 99%| O|  |TAMS 0x00000000c17ffff8, 0x00000000c1700000| Untracked 
|  24|0x00000000c1800000, 0x00000000c18ffe68, 0x00000000c1900000| 99%| O|  |TAMS 0x00000000c18ffe68, 0x00000000c1800000| Untracked 
|  25|0x00000000c1900000, 0x00000000c19ffff8, 0x00000000c1a00000| 99%| O|  |TAMS 0x00000000c19ffff8, 0x00000000c1900000| Untracked 
|  26|0x00000000c1a00000, 0x00000000c1b00000, 0x00000000c1b00000|100%| O|  |TAMS 0x00000000c1b00000, 0x00000000c1a00000| Untracked 
|  27|0x00000000c1b00000, 0x00000000c1bfffa0, 0x00000000c1c00000| 99%| O|  |TAMS 0x00000000c1bfffa0, 0x00000000c1b00000| Untracked 
|  28|0x00000000c1c00000, 0x00000000c1cff978, 0x00000000c1d00000| 99%| O|  |TAMS 0x00000000c1cff978, 0x00000000c1c00000| Untracked 
|  29|0x00000000c1d00000, 0x00000000c1dffff0, 0x00000000c1e00000| 99%| O|  |TAMS 0x00000000c1dffff0, 0x00000000c1d00000| Untracked 
|  30|0x00000000c1e00000, 0x00000000c1effff0, 0x00000000c1f00000| 99%| O|  |TAMS 0x00000000c1effff0, 0x00000000c1e00000| Untracked 
|  31|0x00000000c1f00000, 0x00000000c1fffff8, 0x00000000c2000000| 99%| O|  |TAMS 0x00000000c1fffff8, 0x00000000c1f00000| Untracked 
|  32|0x00000000c2000000, 0x00000000c2100000, 0x00000000c2100000|100%| O|  |TAMS 0x00000000c2100000, 0x00000000c2000000| Untracked 
|  33|0x00000000c2100000, 0x00000000c21fffe0, 0x00000000c2200000| 99%| O|  |TAMS 0x00000000c21fffe0, 0x00000000c2100000| Untracked 
|  34|0x00000000c2200000, 0x00000000c22ffff8, 0x00000000c2300000| 99%| O|  |TAMS 0x00000000c22ffff8, 0x00000000c2200000| Untracked 
|  35|0x00000000c2300000, 0x00000000c23fa530, 0x00000000c2400000| 97%| O|  |TAMS 0x00000000c23fa530, 0x00000000c2300000| Untracked 
|  36|0x00000000c2400000, 0x00000000c24ff440, 0x00000000c2500000| 99%| O|  |TAMS 0x00000000c24ff440, 0x00000000c2400000| Untracked 
|  37|0x00000000c2500000, 0x00000000c25fffa0, 0x00000000c2600000| 99%| O|  |TAMS 0x00000000c25fffa0, 0x00000000c2500000| Untracked 
|  38|0x00000000c2600000, 0x00000000c26fce40, 0x00000000c2700000| 98%| O|  |TAMS 0x00000000c26fce40, 0x00000000c2600000| Untracked 
|  39|0x00000000c2700000, 0x00000000c2800000, 0x00000000c2800000|100%| O|  |TAMS 0x00000000c2800000, 0x00000000c2700000| Untracked 
|  40|0x00000000c2800000, 0x00000000c28fffe8, 0x00000000c2900000| 99%| O|  |TAMS 0x00000000c28fffe8, 0x00000000c2800000| Untracked 
|  41|0x00000000c2900000, 0x00000000c29f5208, 0x00000000c2a00000| 95%| O|  |TAMS 0x00000000c29f5208, 0x00000000c2900000| Untracked 
|  42|0x00000000c2a00000, 0x00000000c2b00000, 0x00000000c2b00000|100%|HS|  |TAMS 0x00000000c2b00000, 0x00000000c2a00000| Untracked 
|  43|0x00000000c2b00000, 0x00000000c2be98b0, 0x00000000c2c00000| 91%| O|  |TAMS 0x00000000c2b00000, 0x00000000c2b00000| Untracked 
|  44|0x00000000c2c00000, 0x00000000c2c000a0, 0x00000000c2d00000|  0%| O|  |TAMS 0x00000000c2c00000, 0x00000000c2c00000| Untracked 
|  45|0x00000000c2d00000, 0x00000000c2d00000, 0x00000000c2e00000|  0%| F|  |TAMS 0x00000000c2d00000, 0x00000000c2d00000| Untracked 
|  46|0x00000000c2e00000, 0x00000000c2e00000, 0x00000000c2f00000|  0%| F|  |TAMS 0x00000000c2e00000, 0x00000000c2e00000| Untracked 
|  47|0x00000000c2f00000, 0x00000000c2f00000, 0x00000000c3000000|  0%| F|  |TAMS 0x00000000c2f00000, 0x00000000c2f00000| Untracked 
|  48|0x00000000c3000000, 0x00000000c3000000, 0x00000000c3100000|  0%| F|  |TAMS 0x00000000c3000000, 0x00000000c3000000| Untracked 
|  49|0x00000000c3100000, 0x00000000c3100000, 0x00000000c3200000|  0%| F|  |TAMS 0x00000000c3100000, 0x00000000c3100000| Untracked 
|  50|0x00000000c3200000, 0x00000000c3200000, 0x00000000c3300000|  0%| F|  |TAMS 0x00000000c3200000, 0x00000000c3200000| Untracked 
|  51|0x00000000c3300000, 0x00000000c3300000, 0x00000000c3400000|  0%| F|  |TAMS 0x00000000c3300000, 0x00000000c3300000| Untracked 
|  52|0x00000000c3400000, 0x00000000c3400000, 0x00000000c3500000|  0%| F|  |TAMS 0x00000000c3400000, 0x00000000c3400000| Untracked 
|  53|0x00000000c3500000, 0x00000000c3500000, 0x00000000c3600000|  0%| F|  |TAMS 0x00000000c3500000, 0x00000000c3500000| Untracked 
|  54|0x00000000c3600000, 0x00000000c3600000, 0x00000000c3700000|  0%| F|  |TAMS 0x00000000c3600000, 0x00000000c3600000| Untracked 
|  55|0x00000000c3700000, 0x00000000c3700000, 0x00000000c3800000|  0%| F|  |TAMS 0x00000000c3700000, 0x00000000c3700000| Untracked 
|  56|0x00000000c3800000, 0x00000000c3800000, 0x00000000c3900000|  0%| F|  |TAMS 0x00000000c3800000, 0x00000000c3800000| Untracked 
|  57|0x00000000c3900000, 0x00000000c3900000, 0x00000000c3a00000|  0%| F|  |TAMS 0x00000000c3900000, 0x00000000c3900000| Untracked 
|  58|0x00000000c3a00000, 0x00000000c3a00000, 0x00000000c3b00000|  0%| F|  |TAMS 0x00000000c3a00000, 0x00000000c3a00000| Untracked 
|  59|0x00000000c3b00000, 0x00000000c3b00000, 0x00000000c3c00000|  0%| F|  |TAMS 0x00000000c3b00000, 0x00000000c3b00000| Untracked 
|  60|0x00000000c3c00000, 0x00000000c3c00000, 0x00000000c3d00000|  0%| F|  |TAMS 0x00000000c3c00000, 0x00000000c3c00000| Untracked 
|  61|0x00000000c3d00000, 0x00000000c3d00000, 0x00000000c3e00000|  0%| F|  |TAMS 0x00000000c3d00000, 0x00000000c3d00000| Untracked 
|  62|0x00000000c3e00000, 0x00000000c3e00000, 0x00000000c3f00000|  0%| F|  |TAMS 0x00000000c3e00000, 0x00000000c3e00000| Untracked 
|  63|0x00000000c3f00000, 0x00000000c3f00000, 0x00000000c4000000|  0%| F|  |TAMS 0x00000000c3f00000, 0x00000000c3f00000| Untracked 
|  64|0x00000000c4000000, 0x00000000c4000000, 0x00000000c4100000|  0%| F|  |TAMS 0x00000000c4000000, 0x00000000c4000000| Untracked 
|  65|0x00000000c4100000, 0x00000000c4100000, 0x00000000c4200000|  0%| F|  |TAMS 0x00000000c4100000, 0x00000000c4100000| Untracked 
|  66|0x00000000c4200000, 0x00000000c4200000, 0x00000000c4300000|  0%| F|  |TAMS 0x00000000c4200000, 0x00000000c4200000| Untracked 
|  67|0x00000000c4300000, 0x00000000c4300000, 0x00000000c4400000|  0%| F|  |TAMS 0x00000000c4300000, 0x00000000c4300000| Untracked 
|  68|0x00000000c4400000, 0x00000000c4400000, 0x00000000c4500000|  0%| F|  |TAMS 0x00000000c4400000, 0x00000000c4400000| Untracked 
|  69|0x00000000c4500000, 0x00000000c4500000, 0x00000000c4600000|  0%| F|  |TAMS 0x00000000c4500000, 0x00000000c4500000| Untracked 
|  70|0x00000000c4600000, 0x00000000c4600000, 0x00000000c4700000|  0%| F|  |TAMS 0x00000000c4600000, 0x00000000c4600000| Untracked 
|  71|0x00000000c4700000, 0x00000000c4700000, 0x00000000c4800000|  0%| F|  |TAMS 0x00000000c4700000, 0x00000000c4700000| Untracked 
|  72|0x00000000c4800000, 0x00000000c4800000, 0x00000000c4900000|  0%| F|  |TAMS 0x00000000c4800000, 0x00000000c4800000| Untracked 
|  73|0x00000000c4900000, 0x00000000c4900000, 0x00000000c4a00000|  0%| F|  |TAMS 0x00000000c4900000, 0x00000000c4900000| Untracked 
|  74|0x00000000c4a00000, 0x00000000c4a00000, 0x00000000c4b00000|  0%| F|  |TAMS 0x00000000c4a00000, 0x00000000c4a00000| Untracked 
|  75|0x00000000c4b00000, 0x00000000c4b00000, 0x00000000c4c00000|  0%| F|  |TAMS 0x00000000c4b00000, 0x00000000c4b00000| Untracked 
|  76|0x00000000c4c00000, 0x00000000c4c00000, 0x00000000c4d00000|  0%| F|  |TAMS 0x00000000c4c00000, 0x00000000c4c00000| Untracked 
|  77|0x00000000c4d00000, 0x00000000c4d00000, 0x00000000c4e00000|  0%| F|  |TAMS 0x00000000c4d00000, 0x00000000c4d00000| Untracked 
|  78|0x00000000c4e00000, 0x00000000c4e00000, 0x00000000c4f00000|  0%| F|  |TAMS 0x00000000c4e00000, 0x00000000c4e00000| Untracked 
|  79|0x00000000c4f00000, 0x00000000c4f00000, 0x00000000c5000000|  0%| F|  |TAMS 0x00000000c4f00000, 0x00000000c4f00000| Untracked 
|  80|0x00000000c5000000, 0x00000000c5000000, 0x00000000c5100000|  0%| F|  |TAMS 0x00000000c5000000, 0x00000000c5000000| Untracked 
|  81|0x00000000c5100000, 0x00000000c5100000, 0x00000000c5200000|  0%| F|  |TAMS 0x00000000c5100000, 0x00000000c5100000| Untracked 
|  82|0x00000000c5200000, 0x00000000c5200000, 0x00000000c5300000|  0%| F|  |TAMS 0x00000000c5200000, 0x00000000c5200000| Untracked 
|  83|0x00000000c5300000, 0x00000000c5300000, 0x00000000c5400000|  0%| F|  |TAMS 0x00000000c5300000, 0x00000000c5300000| Untracked 
|  84|0x00000000c5400000, 0x00000000c5400000, 0x00000000c5500000|  0%| F|  |TAMS 0x00000000c5400000, 0x00000000c5400000| Untracked 
|  85|0x00000000c5500000, 0x00000000c5500000, 0x00000000c5600000|  0%| F|  |TAMS 0x00000000c5500000, 0x00000000c5500000| Untracked 
|  86|0x00000000c5600000, 0x00000000c5600000, 0x00000000c5700000|  0%| F|  |TAMS 0x00000000c5600000, 0x00000000c5600000| Untracked 
|  87|0x00000000c5700000, 0x00000000c5700000, 0x00000000c5800000|  0%| F|  |TAMS 0x00000000c5700000, 0x00000000c5700000| Untracked 
|  88|0x00000000c5800000, 0x00000000c5800000, 0x00000000c5900000|  0%| F|  |TAMS 0x00000000c5800000, 0x00000000c5800000| Untracked 
|  89|0x00000000c5900000, 0x00000000c5900000, 0x00000000c5a00000|  0%| F|  |TAMS 0x00000000c5900000, 0x00000000c5900000| Untracked 
|  90|0x00000000c5a00000, 0x00000000c5a00000, 0x00000000c5b00000|  0%| F|  |TAMS 0x00000000c5a00000, 0x00000000c5a00000| Untracked 
|  91|0x00000000c5b00000, 0x00000000c5b00000, 0x00000000c5c00000|  0%| F|  |TAMS 0x00000000c5b00000, 0x00000000c5b00000| Untracked 
|  92|0x00000000c5c00000, 0x00000000c5c00000, 0x00000000c5d00000|  0%| F|  |TAMS 0x00000000c5c00000, 0x00000000c5c00000| Untracked 
|  93|0x00000000c5d00000, 0x00000000c5d00000, 0x00000000c5e00000|  0%| F|  |TAMS 0x00000000c5d00000, 0x00000000c5d00000| Untracked 
|  94|0x00000000c5e00000, 0x00000000c5e00000, 0x00000000c5f00000|  0%| F|  |TAMS 0x00000000c5e00000, 0x00000000c5e00000| Untracked 
|  95|0x00000000c5f00000, 0x00000000c5f00000, 0x00000000c6000000|  0%| F|  |TAMS 0x00000000c5f00000, 0x00000000c5f00000| Untracked 
|  96|0x00000000c6000000, 0x00000000c6000000, 0x00000000c6100000|  0%| F|  |TAMS 0x00000000c6000000, 0x00000000c6000000| Untracked 
|  97|0x00000000c6100000, 0x00000000c6100000, 0x00000000c6200000|  0%| F|  |TAMS 0x00000000c6100000, 0x00000000c6100000| Untracked 
|  98|0x00000000c6200000, 0x00000000c6200000, 0x00000000c6300000|  0%| F|  |TAMS 0x00000000c6200000, 0x00000000c6200000| Untracked 
|  99|0x00000000c6300000, 0x00000000c6300000, 0x00000000c6400000|  0%| F|  |TAMS 0x00000000c6300000, 0x00000000c6300000| Untracked 
| 100|0x00000000c6400000, 0x00000000c6400000, 0x00000000c6500000|  0%| F|  |TAMS 0x00000000c6400000, 0x00000000c6400000| Untracked 
| 101|0x00000000c6500000, 0x00000000c6500000, 0x00000000c6600000|  0%| F|  |TAMS 0x00000000c6500000, 0x00000000c6500000| Untracked 
| 102|0x00000000c6600000, 0x00000000c6600000, 0x00000000c6700000|  0%| F|  |TAMS 0x00000000c6600000, 0x00000000c6600000| Untracked 
| 103|0x00000000c6700000, 0x00000000c6700000, 0x00000000c6800000|  0%| F|  |TAMS 0x00000000c6700000, 0x00000000c6700000| Untracked 
| 104|0x00000000c6800000, 0x00000000c6800000, 0x00000000c6900000|  0%| F|  |TAMS 0x00000000c6800000, 0x00000000c6800000| Untracked 
| 105|0x00000000c6900000, 0x00000000c6900000, 0x00000000c6a00000|  0%| F|  |TAMS 0x00000000c6900000, 0x00000000c6900000| Untracked 
| 106|0x00000000c6a00000, 0x00000000c6a00000, 0x00000000c6b00000|  0%| F|  |TAMS 0x00000000c6a00000, 0x00000000c6a00000| Untracked 
| 107|0x00000000c6b00000, 0x00000000c6b00000, 0x00000000c6c00000|  0%| F|  |TAMS 0x00000000c6b00000, 0x00000000c6b00000| Untracked 
| 108|0x00000000c6c00000, 0x00000000c6c00000, 0x00000000c6d00000|  0%| F|  |TAMS 0x00000000c6c00000, 0x00000000c6c00000| Untracked 
| 109|0x00000000c6d00000, 0x00000000c6d00000, 0x00000000c6e00000|  0%| F|  |TAMS 0x00000000c6d00000, 0x00000000c6d00000| Untracked 
| 110|0x00000000c6e00000, 0x00000000c6e00000, 0x00000000c6f00000|  0%| F|  |TAMS 0x00000000c6e00000, 0x00000000c6e00000| Untracked 
| 111|0x00000000c6f00000, 0x00000000c6f00000, 0x00000000c7000000|  0%| F|  |TAMS 0x00000000c6f00000, 0x00000000c6f00000| Untracked 
| 112|0x00000000c7000000, 0x00000000c7000000, 0x00000000c7100000|  0%| F|  |TAMS 0x00000000c7000000, 0x00000000c7000000| Untracked 
| 113|0x00000000c7100000, 0x00000000c7100000, 0x00000000c7200000|  0%| F|  |TAMS 0x00000000c7100000, 0x00000000c7100000| Untracked 
| 114|0x00000000c7200000, 0x00000000c7200000, 0x00000000c7300000|  0%| F|  |TAMS 0x00000000c7200000, 0x00000000c7200000| Untracked 
| 115|0x00000000c7300000, 0x00000000c7300000, 0x00000000c7400000|  0%| F|  |TAMS 0x00000000c7300000, 0x00000000c7300000| Untracked 
| 116|0x00000000c7400000, 0x00000000c7400000, 0x00000000c7500000|  0%| F|  |TAMS 0x00000000c7400000, 0x00000000c7400000| Untracked 
| 117|0x00000000c7500000, 0x00000000c7500000, 0x00000000c7600000|  0%| F|  |TAMS 0x00000000c7500000, 0x00000000c7500000| Untracked 
| 118|0x00000000c7600000, 0x00000000c7600000, 0x00000000c7700000|  0%| F|  |TAMS 0x00000000c7600000, 0x00000000c7600000| Untracked 
| 119|0x00000000c7700000, 0x00000000c7700000, 0x00000000c7800000|  0%| F|  |TAMS 0x00000000c7700000, 0x00000000c7700000| Untracked 
| 120|0x00000000c7800000, 0x00000000c7800000, 0x00000000c7900000|  0%| F|  |TAMS 0x00000000c7800000, 0x00000000c7800000| Untracked 
| 121|0x00000000c7900000, 0x00000000c7900000, 0x00000000c7a00000|  0%| F|  |TAMS 0x00000000c7900000, 0x00000000c7900000| Untracked 
| 122|0x00000000c7a00000, 0x00000000c7a00000, 0x00000000c7b00000|  0%| F|  |TAMS 0x00000000c7a00000, 0x00000000c7a00000| Untracked 
| 123|0x00000000c7b00000, 0x00000000c7b00000, 0x00000000c7c00000|  0%| F|  |TAMS 0x00000000c7b00000, 0x00000000c7b00000| Untracked 
| 124|0x00000000c7c00000, 0x00000000c7c00000, 0x00000000c7d00000|  0%| F|  |TAMS 0x00000000c7c00000, 0x00000000c7c00000| Untracked 
| 125|0x00000000c7d00000, 0x00000000c7d00000, 0x00000000c7e00000|  0%| F|  |TAMS 0x00000000c7d00000, 0x00000000c7d00000| Untracked 
| 126|0x00000000c7e00000, 0x00000000c7e00000, 0x00000000c7f00000|  0%| F|  |TAMS 0x00000000c7e00000, 0x00000000c7e00000| Untracked 
| 127|0x00000000c7f00000, 0x00000000c7f00000, 0x00000000c8000000|  0%| F|  |TAMS 0x00000000c7f00000, 0x00000000c7f00000| Untracked 
| 128|0x00000000c8000000, 0x00000000c8000000, 0x00000000c8100000|  0%| F|  |TAMS 0x00000000c8000000, 0x00000000c8000000| Untracked 
| 129|0x00000000c8100000, 0x00000000c8100000, 0x00000000c8200000|  0%| F|  |TAMS 0x00000000c8100000, 0x00000000c8100000| Untracked 
| 130|0x00000000c8200000, 0x00000000c8200000, 0x00000000c8300000|  0%| F|  |TAMS 0x00000000c8200000, 0x00000000c8200000| Untracked 
| 131|0x00000000c8300000, 0x00000000c8300000, 0x00000000c8400000|  0%| F|  |TAMS 0x00000000c8300000, 0x00000000c8300000| Untracked 
| 132|0x00000000c8400000, 0x00000000c8400000, 0x00000000c8500000|  0%| F|  |TAMS 0x00000000c8400000, 0x00000000c8400000| Untracked 
| 133|0x00000000c8500000, 0x00000000c8500000, 0x00000000c8600000|  0%| F|  |TAMS 0x00000000c8500000, 0x00000000c8500000| Untracked 
| 134|0x00000000c8600000, 0x00000000c8600000, 0x00000000c8700000|  0%| F|  |TAMS 0x00000000c8600000, 0x00000000c8600000| Untracked 
| 135|0x00000000c8700000, 0x00000000c8700000, 0x00000000c8800000|  0%| F|  |TAMS 0x00000000c8700000, 0x00000000c8700000| Untracked 
| 136|0x00000000c8800000, 0x00000000c8800000, 0x00000000c8900000|  0%| F|  |TAMS 0x00000000c8800000, 0x00000000c8800000| Untracked 
| 137|0x00000000c8900000, 0x00000000c8900000, 0x00000000c8a00000|  0%| F|  |TAMS 0x00000000c8900000, 0x00000000c8900000| Untracked 
| 138|0x00000000c8a00000, 0x00000000c8a00000, 0x00000000c8b00000|  0%| F|  |TAMS 0x00000000c8a00000, 0x00000000c8a00000| Untracked 
| 139|0x00000000c8b00000, 0x00000000c8b00000, 0x00000000c8c00000|  0%| F|  |TAMS 0x00000000c8b00000, 0x00000000c8b00000| Untracked 
| 140|0x00000000c8c00000, 0x00000000c8c00000, 0x00000000c8d00000|  0%| F|  |TAMS 0x00000000c8c00000, 0x00000000c8c00000| Untracked 
| 141|0x00000000c8d00000, 0x00000000c8d00000, 0x00000000c8e00000|  0%| F|  |TAMS 0x00000000c8d00000, 0x00000000c8d00000| Untracked 
| 142|0x00000000c8e00000, 0x00000000c8e00000, 0x00000000c8f00000|  0%| F|  |TAMS 0x00000000c8e00000, 0x00000000c8e00000| Untracked 
| 143|0x00000000c8f00000, 0x00000000c8f00000, 0x00000000c9000000|  0%| F|  |TAMS 0x00000000c8f00000, 0x00000000c8f00000| Untracked 
| 144|0x00000000c9000000, 0x00000000c9000000, 0x00000000c9100000|  0%| F|  |TAMS 0x00000000c9000000, 0x00000000c9000000| Untracked 
| 145|0x00000000c9100000, 0x00000000c9100000, 0x00000000c9200000|  0%| F|  |TAMS 0x00000000c9100000, 0x00000000c9100000| Untracked 
| 146|0x00000000c9200000, 0x00000000c923e6a8, 0x00000000c9300000| 24%| E|  |TAMS 0x00000000c9200000, 0x00000000c9200000| Complete 

Card table byte_map: [0x000001fb92660000,0x000001fb92860000] _byte_map_base: 0x000001fb92060000

Marking Bits (Prev, Next): (CMBitMap*) 0x000001fb8a5257f0, (CMBitMap*) 0x000001fb8a5257b0
 Prev Bits: [0x000001fb93a60000, 0x000001fb94a60000)
 Next Bits: [0x000001fb92a60000, 0x000001fb93a60000)

Polling page: 0x000001fb8a5a0000

Metaspace:

Usage:
  Non-class:     57.36 MB used.
      Class:      9.04 MB used.
       Both:     66.40 MB used.

Virtual space:
  Non-class space:       64.00 MB reserved,      57.56 MB ( 90%) committed,  1 nodes.
      Class space:        1.00 GB reserved,       9.25 MB ( <1%) committed,  1 nodes.
             Both:        1.06 GB reserved,      66.81 MB (  6%) committed. 

Chunk freelists:
   Non-Class:  6.32 MB
       Class:  6.81 MB
        Both:  13.13 MB

MaxMetaspaceSize: unlimited
CompressedClassSpaceSize: 1.00 GB
Initial GC threshold: 21.00 MB
Current GC threshold: 111.25 MB
CDS: off
MetaspaceReclaimPolicy: balanced
 - commit_granule_bytes: 65536.
 - commit_granule_words: 8192.
 - virtual_space_node_default_size: 8388608.
 - enlarge_chunks_in_place: 1.
 - new_chunks_are_fully_committed: 0.
 - uncommit_free_chunks: 1.
 - use_allocation_guard: 0.
 - handle_deallocations: 1.


Internal statistics:

num_allocs_failed_limit: 6.
num_arena_births: 818.
num_arena_deaths: 282.
num_vsnodes_births: 2.
num_vsnodes_deaths: 0.
num_space_committed: 1069.
num_space_uncommitted: 0.
num_chunks_returned_to_freelist: 355.
num_chunks_taken_from_freelist: 3181.
num_chunk_merges: 119.
num_chunk_splits: 2076.
num_chunks_enlarged: 1548.
num_inconsistent_stats: 0.

CodeCache: size=49152Kb used=18749Kb max_used=20424Kb free=30403Kb
 bounds [0x000001fb8e950000, 0x000001fb8fe10000, 0x000001fb91950000]
 total_blobs=10964 nmethods=10295 adapters=596
 compilation: enabled
              stopped_count=0, restarted_count=0
 full_count=0

Compilation events (20 events):
Event: 6411.968 Thread 0x000001fb9774ab00 10473       1       ch.qos.logback.core.joran.spi.ConsoleTarget$2::write (8 bytes)
Event: 6411.976 Thread 0x000001fb9774ab00 nmethod 10473 0x000001fb8fb8ee90 code [0x000001fb8fb8f020, 0x000001fb8fb8f128]
Event: 6411.977 Thread 0x000001fb9774ab00 10474       1       org.springframework.ide.vscode.commons.util.NullOutputStream::write (1 bytes)
Event: 6411.977 Thread 0x000001fb9774ab00 nmethod 10474 0x000001fb8fb8eb90 code [0x000001fb8fb8ed20, 0x000001fb8fb8edd8]
Event: 6411.977 Thread 0x000001fb9774ab00 10475       1       ch.qos.logback.core.joran.spi.ConsoleTarget$2::flush (7 bytes)
Event: 6411.981 Thread 0x000001fb9774ab00 nmethod 10475 0x000001fb8fb8e510 code [0x000001fb8fb8e6c0, 0x000001fb8fb8e998]
Event: 6468.346 Thread 0x000001fb9774ab00 10476       1       com.google.gson.internal.LinkedTreeMap::rotateRight (118 bytes)
Event: 6468.349 Thread 0x000001fb9774ab00 nmethod 10476 0x000001fb8fb8de90 code [0x000001fb8fb8e040, 0x000001fb8fb8e368]
Event: 6468.484 Thread 0x000001fb9774ab00 10477       1       org.eclipse.lsp4j.CodeActionParams::getContext (5 bytes)
Event: 6468.485 Thread 0x000001fb9774ab00 nmethod 10477 0x000001fb8fb8db90 code [0x000001fb8fb8dd20, 0x000001fb8fb8ddf8]
Event: 6468.486 Thread 0x000001fb9774ab00 10478       1       org.eclipse.lsp4j.CodeActionContext::getDiagnostics (5 bytes)
Event: 6468.494 Thread 0x000001fb9774ab00 nmethod 10478 0x000001fb8fb8d890 code [0x000001fb8fb8da20, 0x000001fb8fb8daf8]
Event: 6468.553 Thread 0x000001fb9774ab00 10479       1       com.google.gson.internal.$Gson$Types::getGenericSupertype (135 bytes)
Event: 6468.579 Thread 0x000001fb9774ab00 nmethod 10479 0x000001fb8fb8c210 code [0x000001fb8fb8c560, 0x000001fb8fb8d138]
Event: 6469.085 Thread 0x000001fb9774ab00 10480       1       java.util.concurrent.CompletableFuture::thenApply (7 bytes)
Event: 6469.088 Thread 0x000001fb9774ab00 nmethod 10480 0x000001fb8fb8bf10 code [0x000001fb8fb8c0a0, 0x000001fb8fb8c188]
Event: 6469.088 Thread 0x000001fb9774ab00 10481       1       org.eclipse.lsp4j.ClientCapabilities::getTextDocument (5 bytes)
Event: 6469.091 Thread 0x000001fb9774ab00 nmethod 10481 0x000001fb8fb8bc10 code [0x000001fb8fb8bda0, 0x000001fb8fb8be78]
Event: 6503.443 Thread 0x000001fb9774ab00 10482       1       org.springframework.ide.vscode.commons.languageserver.util.SimpleLanguageServer::getClientCapabilities (5 bytes)
Event: 6503.445 Thread 0x000001fb9774ab00 nmethod 10482 0x000001fb8fb8b910 code [0x000001fb8fb8baa0, 0x000001fb8fb8bb78]

GC Heap History (20 events):
Event: 17540.292 GC heap before
{Heap before GC invocations=1276 (full 1179):
 garbage-first heap   total 150528K, used 44864K [0x00000000c0000000, 0x0000000100000000)
  region size 1024K, 1 young (1024K), 0 survivors (0K)
 Metaspace       used 67988K, committed 68416K, reserved 1114112K
  class space    used 9255K, committed 9472K, reserved 1048576K
}
Event: 17540.349 GC heap after
{Heap after GC invocations=1277 (full 1180):
 garbage-first heap   total 150528K, used 44864K [0x00000000c0000000, 0x0000000100000000)
  region size 1024K, 0 young (0K), 0 survivors (0K)
 Metaspace       used 67988K, committed 68416K, reserved 1114112K
  class space    used 9255K, committed 9472K, reserved 1048576K
}
Event: 17550.766 GC heap before
{Heap before GC invocations=1277 (full 1180):
 garbage-first heap   total 150528K, used 44864K [0x00000000c0000000, 0x0000000100000000)
  region size 1024K, 1 young (1024K), 0 survivors (0K)
 Metaspace       used 67988K, committed 68416K, reserved 1114112K
  class space    used 9255K, committed 9472K, reserved 1048576K
}
Event: 17550.831 GC heap after
{Heap after GC invocations=1278 (full 1181):
 garbage-first heap   total 150528K, used 44864K [0x00000000c0000000, 0x0000000100000000)
  region size 1024K, 0 young (0K), 0 survivors (0K)
 Metaspace       used 67988K, committed 68416K, reserved 1114112K
  class space    used 9255K, committed 9472K, reserved 1048576K
}
Event: 17561.175 GC heap before
{Heap before GC invocations=1278 (full 1181):
 garbage-first heap   total 150528K, used 44864K [0x00000000c0000000, 0x0000000100000000)
  region size 1024K, 1 young (1024K), 0 survivors (0K)
 Metaspace       used 67988K, committed 68416K, reserved 1114112K
  class space    used 9255K, committed 9472K, reserved 1048576K
}
Event: 17561.235 GC heap after
{Heap after GC invocations=1279 (full 1182):
 garbage-first heap   total 150528K, used 44864K [0x00000000c0000000, 0x0000000100000000)
  region size 1024K, 0 young (0K), 0 survivors (0K)
 Metaspace       used 67988K, committed 68416K, reserved 1114112K
  class space    used 9255K, committed 9472K, reserved 1048576K
}
Event: 17571.650 GC heap before
{Heap before GC invocations=1279 (full 1182):
 garbage-first heap   total 150528K, used 44864K [0x00000000c0000000, 0x0000000100000000)
  region size 1024K, 1 young (1024K), 0 survivors (0K)
 Metaspace       used 67988K, committed 68416K, reserved 1114112K
  class space    used 9255K, committed 9472K, reserved 1048576K
}
Event: 17571.710 GC heap after
{Heap after GC invocations=1280 (full 1183):
 garbage-first heap   total 150528K, used 44864K [0x00000000c0000000, 0x0000000100000000)
  region size 1024K, 0 young (0K), 0 survivors (0K)
 Metaspace       used 67988K, committed 68416K, reserved 1114112K
  class space    used 9255K, committed 9472K, reserved 1048576K
}
Event: 17582.230 GC heap before
{Heap before GC invocations=1280 (full 1183):
 garbage-first heap   total 150528K, used 44864K [0x00000000c0000000, 0x0000000100000000)
  region size 1024K, 1 young (1024K), 0 survivors (0K)
 Metaspace       used 67988K, committed 68416K, reserved 1114112K
  class space    used 9255K, committed 9472K, reserved 1048576K
}
Event: 17582.302 GC heap after
{Heap after GC invocations=1281 (full 1184):
 garbage-first heap   total 150528K, used 44864K [0x00000000c0000000, 0x0000000100000000)
  region size 1024K, 0 young (0K), 0 survivors (0K)
 Metaspace       used 67988K, committed 68416K, reserved 1114112K
  class space    used 9255K, committed 9472K, reserved 1048576K
}
Event: 17592.685 GC heap before
{Heap before GC invocations=1281 (full 1184):
 garbage-first heap   total 150528K, used 44864K [0x00000000c0000000, 0x0000000100000000)
  region size 1024K, 1 young (1024K), 0 survivors (0K)
 Metaspace       used 67988K, committed 68416K, reserved 1114112K
  class space    used 9255K, committed 9472K, reserved 1048576K
}
Event: 17592.855 GC heap after
{Heap after GC invocations=1282 (full 1185):
 garbage-first heap   total 150528K, used 44864K [0x00000000c0000000, 0x0000000100000000)
  region size 1024K, 0 young (0K), 0 survivors (0K)
 Metaspace       used 67988K, committed 68416K, reserved 1114112K
  class space    used 9255K, committed 9472K, reserved 1048576K
}
Event: 17603.360 GC heap before
{Heap before GC invocations=1282 (full 1185):
 garbage-first heap   total 150528K, used 44864K [0x00000000c0000000, 0x0000000100000000)
  region size 1024K, 1 young (1024K), 0 survivors (0K)
 Metaspace       used 67988K, committed 68416K, reserved 1114112K
  class space    used 9255K, committed 9472K, reserved 1048576K
}
Event: 17603.431 GC heap after
{Heap after GC invocations=1283 (full 1186):
 garbage-first heap   total 150528K, used 44864K [0x00000000c0000000, 0x0000000100000000)
  region size 1024K, 0 young (0K), 0 survivors (0K)
 Metaspace       used 67988K, committed 68416K, reserved 1114112K
  class space    used 9255K, committed 9472K, reserved 1048576K
}
Event: 17614.022 GC heap before
{Heap before GC invocations=1283 (full 1186):
 garbage-first heap   total 150528K, used 44864K [0x00000000c0000000, 0x0000000100000000)
  region size 1024K, 1 young (1024K), 0 survivors (0K)
 Metaspace       used 67988K, committed 68416K, reserved 1114112K
  class space    used 9255K, committed 9472K, reserved 1048576K
}
Event: 17614.083 GC heap after
{Heap after GC invocations=1284 (full 1187):
 garbage-first heap   total 150528K, used 44864K [0x00000000c0000000, 0x0000000100000000)
  region size 1024K, 0 young (0K), 0 survivors (0K)
 Metaspace       used 67988K, committed 68416K, reserved 1114112K
  class space    used 9255K, committed 9472K, reserved 1048576K
}
Event: 17624.500 GC heap before
{Heap before GC invocations=1284 (full 1187):
 garbage-first heap   total 150528K, used 44864K [0x00000000c0000000, 0x0000000100000000)
  region size 1024K, 1 young (1024K), 0 survivors (0K)
 Metaspace       used 67988K, committed 68416K, reserved 1114112K
  class space    used 9255K, committed 9472K, reserved 1048576K
}
Event: 17624.555 GC heap after
{Heap after GC invocations=1285 (full 1188):
 garbage-first heap   total 150528K, used 44864K [0x00000000c0000000, 0x0000000100000000)
  region size 1024K, 0 young (0K), 0 survivors (0K)
 Metaspace       used 67988K, committed 68416K, reserved 1114112K
  class space    used 9255K, committed 9472K, reserved 1048576K
}
Event: 17634.889 GC heap before
{Heap before GC invocations=1285 (full 1188):
 garbage-first heap   total 150528K, used 44864K [0x00000000c0000000, 0x0000000100000000)
  region size 1024K, 1 young (1024K), 0 survivors (0K)
 Metaspace       used 67988K, committed 68416K, reserved 1114112K
  class space    used 9255K, committed 9472K, reserved 1048576K
}
Event: 17634.950 GC heap after
{Heap after GC invocations=1286 (full 1189):
 garbage-first heap   total 150528K, used 44864K [0x00000000c0000000, 0x0000000100000000)
  region size 1024K, 0 young (0K), 0 survivors (0K)
 Metaspace       used 67988K, committed 68416K, reserved 1114112K
  class space    used 9255K, committed 9472K, reserved 1048576K
}

Dll operation events (9 events):
Event: 0.023 Loaded shared library c:\Users\Hieu\.vscode\extensions\redhat.java-1.21.0-win32-x64\jre\17.0.7-win32-x86_64\bin\java.dll
Event: 0.462 Loaded shared library C:\Users\Hieu\.vscode\extensions\redhat.java-1.21.0-win32-x64\jre\17.0.7-win32-x86_64\bin\net.dll
Event: 0.467 Loaded shared library C:\Users\Hieu\.vscode\extensions\redhat.java-1.21.0-win32-x64\jre\17.0.7-win32-x86_64\bin\nio.dll
Event: 0.485 Loaded shared library C:\Users\Hieu\.vscode\extensions\redhat.java-1.21.0-win32-x64\jre\17.0.7-win32-x86_64\bin\zip.dll
Event: 1.167 Loaded shared library C:\Users\Hieu\.vscode\extensions\redhat.java-1.21.0-win32-x64\jre\17.0.7-win32-x86_64\bin\jimage.dll
Event: 6.293 Loaded shared library C:\Users\Hieu\.vscode\extensions\redhat.java-1.21.0-win32-x64\jre\17.0.7-win32-x86_64\bin\management.dll
Event: 6.302 Loaded shared library C:\Users\Hieu\.vscode\extensions\redhat.java-1.21.0-win32-x64\jre\17.0.7-win32-x86_64\bin\management_ext.dll
Event: 8.216 Loaded shared library C:\Users\Hieu\.vscode\extensions\redhat.java-1.21.0-win32-x64\jre\17.0.7-win32-x86_64\bin\sunmscapi.dll
Event: 10.128 Loaded shared library c:\Users\Hieu\.vscode\extensions\redhat.java-1.21.0-win32-x64\jre\17.0.7-win32-x86_64\bin\verify.dll

Deoptimization events (20 events):
Event: 13.414 Thread 0x000001fb9d3f7760 DEOPT PACKING pc=0x000001fb8f7aaf0c sp=0x000000dede9fea50
Event: 13.414 Thread 0x000001fb9d3f7760 DEOPT UNPACKING pc=0x000001fb8e9a7143 sp=0x000000dede9fdfd0 mode 0
Event: 14.563 Thread 0x000001fb9d3c1310 DEOPT PACKING pc=0x000001fb8f294934 sp=0x000000dedd5fea50
Event: 14.563 Thread 0x000001fb9d3c1310 DEOPT UNPACKING pc=0x000001fb8e9a7143 sp=0x000000dedd5fe098 mode 0
Event: 23.444 Thread 0x000001fb9d3c2b20 DEOPT PACKING pc=0x000001fb8fa9d194 sp=0x000000dedd4fdbb0
Event: 23.444 Thread 0x000001fb9d3c2b20 DEOPT UNPACKING pc=0x000001fb8e9a7143 sp=0x000000dedd4fd0e0 mode 0
Event: 23.444 Thread 0x000001fb9d3c2b20 DEOPT PACKING pc=0x000001fb8faf271c sp=0x000000dedd4fdde0
Event: 23.444 Thread 0x000001fb9d3c2b20 DEOPT UNPACKING pc=0x000001fb8e9a7143 sp=0x000000dedd4fd2e8 mode 0
Event: 23.444 Thread 0x000001fb9d3c2b20 DEOPT PACKING pc=0x000001fb8fa51174 sp=0x000000dedd4fded0
Event: 23.444 Thread 0x000001fb9d3c2b20 DEOPT UNPACKING pc=0x000001fb8e9a7143 sp=0x000000dedd4fd3c8 mode 0
Event: 23.444 Thread 0x000001fb9d3c2b20 DEOPT PACKING pc=0x000001fb8fa152f4 sp=0x000000dedd4fdfa0
Event: 23.444 Thread 0x000001fb9d3c2b20 DEOPT UNPACKING pc=0x000001fb8e9a7143 sp=0x000000dedd4fd478 mode 0
Event: 23.444 Thread 0x000001fb9d3c2b20 DEOPT PACKING pc=0x000001fb8fa05824 sp=0x000000dedd4fe050
Event: 23.444 Thread 0x000001fb9d3c2b20 DEOPT UNPACKING pc=0x000001fb8e9a7143 sp=0x000000dedd4fd5d0 mode 0
Event: 23.445 Thread 0x000001fb9d3c2b20 DEOPT PACKING pc=0x000001fb8fa94f2c sp=0x000000dedd4fe370
Event: 23.445 Thread 0x000001fb9d3c2b20 DEOPT UNPACKING pc=0x000001fb8e9a7143 sp=0x000000dedd4fd800 mode 0
Event: 39.723 Thread 0x000001fb9d3f85d0 DEOPT PACKING pc=0x000001fb8f3cbefd sp=0x000000dedd7fdcb0
Event: 39.723 Thread 0x000001fb9d3f85d0 DEOPT UNPACKING pc=0x000001fb8e9a7143 sp=0x000000dedd7fd218 mode 3
Event: 102.404 Thread 0x000001fb9cf8d2b0 DEOPT PACKING pc=0x000001fb8efc8d54 sp=0x000000dedcffeb70
Event: 102.404 Thread 0x000001fb9cf8d2b0 DEOPT UNPACKING pc=0x000001fb8e9a7143 sp=0x000000dedcffdff8 mode 0

Classes unloaded (20 events):
Event: 1202.779 Thread 0x000001fb976ef420 Unloading class 0x00000001008f8000 'java/lang/invoke/LambdaForm$MH+0x00000001008f8000'
Event: 1202.779 Thread 0x000001fb976ef420 Unloading class 0x0000000100900000 'java/lang/invoke/LambdaForm$MH+0x0000000100900000'
Event: 3103.592 Thread 0x000001fb976ef420 Unloading class 0x0000000100397400 'java/lang/invoke/LambdaForm$MH+0x0000000100397400'
Event: 3103.592 Thread 0x000001fb976ef420 Unloading class 0x0000000100399400 'java/lang/invoke/LambdaForm$MH+0x0000000100399400'
Event: 3103.592 Thread 0x000001fb976ef420 Unloading class 0x00000001003b8400 'java/lang/invoke/LambdaForm$MH+0x00000001003b8400'
Event: 3103.592 Thread 0x000001fb976ef420 Unloading class 0x0000000100428400 'java/lang/invoke/LambdaForm$MH+0x0000000100428400'
Event: 3103.592 Thread 0x000001fb976ef420 Unloading class 0x000000010042a000 'java/lang/invoke/LambdaForm$MH+0x000000010042a000'
Event: 3103.592 Thread 0x000001fb976ef420 Unloading class 0x0000000100540000 'java/lang/invoke/LambdaForm$MH+0x0000000100540000'
Event: 3103.592 Thread 0x000001fb976ef420 Unloading class 0x000000010008b800 'java/lang/invoke/LambdaForm$MH+0x000000010008b800'
Event: 3103.592 Thread 0x000001fb976ef420 Unloading class 0x0000000100092000 'java/lang/invoke/LambdaForm$MH+0x0000000100092000'
Event: 3103.592 Thread 0x000001fb976ef420 Unloading class 0x000000010039ec00 'java/lang/invoke/LambdaForm$MH+0x000000010039ec00'
Event: 3103.592 Thread 0x000001fb976ef420 Unloading class 0x00000001003a8c00 'java/lang/invoke/LambdaForm$MH+0x00000001003a8c00'
Event: 3185.517 Thread 0x000001fb976ef420 Unloading class 0x00000001003a6400 'java/lang/invoke/LambdaForm$MH+0x00000001003a6400'
Event: 3185.517 Thread 0x000001fb976ef420 Unloading class 0x00000001003b8c00 'java/lang/invoke/LambdaForm$MH+0x00000001003b8c00'
Event: 3185.517 Thread 0x000001fb976ef420 Unloading class 0x00000001004f9800 'java/lang/invoke/LambdaForm$MH+0x00000001004f9800'
Event: 3185.517 Thread 0x000001fb976ef420 Unloading class 0x0000000100501c00 'java/lang/invoke/LambdaForm$MH+0x0000000100501c00'
Event: 3185.517 Thread 0x000001fb976ef420 Unloading class 0x000000010008a400 'java/lang/invoke/LambdaForm$MH+0x000000010008a400'
Event: 3185.517 Thread 0x000001fb976ef420 Unloading class 0x0000000100090400 'java/lang/invoke/LambdaForm$MH+0x0000000100090400'
Event: 3185.517 Thread 0x000001fb976ef420 Unloading class 0x000000010039dc00 'java/lang/invoke/LambdaForm$MH+0x000000010039dc00'
Event: 3185.517 Thread 0x000001fb976ef420 Unloading class 0x0000000100900000 'java/lang/invoke/LambdaForm$MH+0x0000000100900000'

Classes redefined (0 events):
No events

Internal exceptions (20 events):
Event: 4999.730 Thread 0x000001fb9d3f85d0 Exception <a 'sun/nio/fs/WindowsException'{0x00000000c9955b40}> (0x00000000c9955b40) 
thrown [s\src\hotspot\share\prims\jni.cpp, line 516]
Event: 4999.730 Thread 0x000001fb9d3f85d0 Exception <a 'sun/nio/fs/WindowsException'{0x00000000c9956340}> (0x00000000c9956340) 
thrown [s\src\hotspot\share\prims\jni.cpp, line 516]
Event: 4999.730 Thread 0x000001fb9d3f85d0 Exception <a 'sun/nio/fs/WindowsException'{0x00000000c9956750}> (0x00000000c9956750) 
thrown [s\src\hotspot\share\prims\jni.cpp, line 516]
Event: 4999.730 Thread 0x000001fb9d3f85d0 Exception <a 'sun/nio/fs/WindowsException'{0x00000000c9957708}> (0x00000000c9957708) 
thrown [s\src\hotspot\share\prims\jni.cpp, line 516]
Event: 4999.731 Thread 0x000001fb9d3f85d0 Exception <a 'sun/nio/fs/WindowsException'{0x00000000c9957b58}> (0x00000000c9957b58) 
thrown [s\src\hotspot\share\prims\jni.cpp, line 516]
Event: 4999.855 Thread 0x000001fb9d3f85d0 Exception <a 'sun/nio/fs/WindowsException'{0x00000000c91c5dd8}> (0x00000000c91c5dd8) 
thrown [s\src\hotspot\share\prims\jni.cpp, line 516]
Event: 4999.856 Thread 0x000001fb9d3f85d0 Exception <a 'sun/nio/fs/WindowsException'{0x00000000c91c6598}> (0x00000000c91c6598) 
thrown [s\src\hotspot\share\prims\jni.cpp, line 516]
Event: 4999.856 Thread 0x000001fb9d3f85d0 Exception <a 'sun/nio/fs/WindowsException'{0x00000000c91c6988}> (0x00000000c91c6988) 
thrown [s\src\hotspot\share\prims\jni.cpp, line 516]
Event: 4999.856 Thread 0x000001fb9d3f85d0 Exception <a 'sun/nio/fs/WindowsException'{0x00000000c91c7920}> (0x00000000c91c7920) 
thrown [s\src\hotspot\share\prims\jni.cpp, line 516]
Event: 4999.856 Thread 0x000001fb9d3f85d0 Exception <a 'sun/nio/fs/WindowsException'{0x00000000c91c7d50}> (0x00000000c91c7d50) 
thrown [s\src\hotspot\share\prims\jni.cpp, line 516]
Event: 4999.856 Thread 0x000001fb9d3f85d0 Exception <a 'sun/nio/fs/WindowsException'{0x00000000c91c8ae0}> (0x00000000c91c8ae0) 
thrown [s\src\hotspot\share\prims\jni.cpp, line 516]
Event: 4999.856 Thread 0x000001fb9d3f85d0 Exception <a 'sun/nio/fs/WindowsException'{0x00000000c91c92e0}> (0x00000000c91c92e0) 
thrown [s\src\hotspot\share\prims\jni.cpp, line 516]
Event: 4999.856 Thread 0x000001fb9d3f85d0 Exception <a 'sun/nio/fs/WindowsException'{0x00000000c91c96f0}> (0x00000000c91c96f0) 
thrown [s\src\hotspot\share\prims\jni.cpp, line 516]
Event: 4999.856 Thread 0x000001fb9d3f85d0 Exception <a 'sun/nio/fs/WindowsException'{0x00000000c91ca6a8}> (0x00000000c91ca6a8) 
thrown [s\src\hotspot\share\prims\jni.cpp, line 516]
Event: 4999.856 Thread 0x000001fb9d3f85d0 Exception <a 'sun/nio/fs/WindowsException'{0x00000000c91caaf8}> (0x00000000c91caaf8) 
thrown [s\src\hotspot\share\prims\jni.cpp, line 516]
Event: 4999.856 Thread 0x000001fb9d3f85d0 Exception <a 'sun/nio/fs/WindowsException'{0x00000000c91cb888}> (0x00000000c91cb888) 
thrown [s\src\hotspot\share\prims\jni.cpp, line 516]
Event: 4999.857 Thread 0x000001fb9d3f85d0 Exception <a 'sun/nio/fs/WindowsException'{0x00000000c91cc088}> (0x00000000c91cc088) 
thrown [s\src\hotspot\share\prims\jni.cpp, line 516]
Event: 4999.857 Thread 0x000001fb9d3f85d0 Exception <a 'sun/nio/fs/WindowsException'{0x00000000c91cc498}> (0x00000000c91cc498) 
thrown [s\src\hotspot\share\prims\jni.cpp, line 516]
Event: 4999.857 Thread 0x000001fb9d3f85d0 Exception <a 'sun/nio/fs/WindowsException'{0x00000000c91cd450}> (0x00000000c91cd450) 
thrown [s\src\hotspot\share\prims\jni.cpp, line 516]
Event: 4999.857 Thread 0x000001fb9d3f85d0 Exception <a 'sun/nio/fs/WindowsException'{0x00000000c91cd8a0}> (0x00000000c91cd8a0) 
thrown [s\src\hotspot\share\prims\jni.cpp, line 516]

VM Operations (20 events):
Event: 17540.349 Executing VM operation: G1CollectFull done
Event: 17550.765 Executing VM operation: G1CollectFull
Event: 17550.831 Executing VM operation: G1CollectFull done
Event: 17561.175 Executing VM operation: G1CollectFull
Event: 17561.235 Executing VM operation: G1CollectFull done
Event: 17571.650 Executing VM operation: G1CollectFull
Event: 17571.711 Executing VM operation: G1CollectFull done
Event: 17582.230 Executing VM operation: G1CollectFull
Event: 17582.302 Executing VM operation: G1CollectFull done
Event: 17592.682 Executing VM operation: G1CollectFull
Event: 17592.858 Executing VM operation: G1CollectFull done
Event: 17603.359 Executing VM operation: G1CollectFull
Event: 17603.431 Executing VM operation: G1CollectFull done
Event: 17614.021 Executing VM operation: G1CollectFull
Event: 17614.084 Executing VM operation: G1CollectFull done
Event: 17624.499 Executing VM operation: G1CollectFull
Event: 17624.556 Executing VM operation: G1CollectFull done
Event: 17634.888 Executing VM operation: G1CollectFull
Event: 17634.950 Executing VM operation: G1CollectFull done
Event: 17645.055 Executing VM operation: G1CollectFull

Events (20 events):
Event: 5442.617 Thread 0x000001fb9d3fd2d0 Thread exited: 0x000001fb9d3fd2d0
Event: 5458.002 Thread 0x000001fb9d3f5f50 Thread exited: 0x000001fb9d3f5f50
Event: 6374.400 Thread 0x000001fb9d3f7c30 Thread added: 0x000001fb9d3f7c30
Event: 6374.421 Thread 0x000001fb9d3fd2d0 Thread added: 0x000001fb9d3fd2d0
Event: 6395.224 Thread 0x000001fb9df71cd0 Thread added: 0x000001fb9df71cd0
Event: 6395.225 Thread 0x000001fb9dda1aa0 Thread added: 0x000001fb9dda1aa0
Event: 6395.227 Thread 0x000001fb9dfd8570 Thread added: 0x000001fb9dfd8570
Event: 6400.262 Thread 0x000001fb9dfd8570 Thread exited: 0x000001fb9dfd8570
Event: 6405.264 Thread 0x000001fb9dda1aa0 Thread exited: 0x000001fb9dda1aa0
Event: 6405.264 Thread 0x000001fb9df71cd0 Thread exited: 0x000001fb9df71cd0
Event: 6434.502 Thread 0x000001fb9d3f7c30 Thread exited: 0x000001fb9d3f7c30
Event: 6468.475 Thread 0x000001fb9d3f7c30 Thread added: 0x000001fb9d3f7c30
Event: 6468.481 Thread 0x000001fb9d3fa2b0 Thread added: 0x000001fb9d3fa2b0
Event: 6468.483 Thread 0x000001fb9d3f5a80 Thread added: 0x000001fb9d3f5a80
Event: 6471.979 Thread 0x000001fb9d3fd2d0 Thread exited: 0x000001fb9d3fd2d0
Event: 6528.499 Thread 0x000001fb9d3f5a80 Thread exited: 0x000001fb9d3f5a80
Event: 6563.458 Thread 0x000001fb9d3fa2b0 Thread exited: 0x000001fb9d3fa2b0
Event: 6563.459 Thread 0x000001fb9d3f7c30 Thread exited: 0x000001fb9d3f7c30
Event: 17211.388 Thread 0x000001fb9d3fa2b0 Thread added: 0x000001fb9d3fa2b0
Event: 17271.411 Thread 0x000001fb9d3fa2b0 Thread exited: 0x000001fb9d3fa2b0


Dynamic libraries:
0x00007ff731f70000 - 0x00007ff731f7e000 	c:\Users\Hieu\.vscode\extensions\redhat.java-1.21.0-win32-x64\jre\17.0.7-win32-x86_64\bin\java.exe
0x00007ffb845f0000 - 0x00007ffb84804000 	C:\WINDOWS\SYSTEM32\ntdll.dll
0x00007ffb82c50000 - 0x00007ffb82d12000 	C:\WINDOWS\System32\KERNEL32.DLL
0x00007ffb81d10000 - 0x00007ffb820b3000 	C:\WINDOWS\System32\KERNELBASE.dll
0x00007ffb82210000 - 0x00007ffb82321000 	C:\WINDOWS\System32\ucrtbase.dll
0x00007ffb53e30000 - 0x00007ffb53e47000 	c:\Users\Hieu\.vscode\extensions\redhat.java-1.21.0-win32-x64\jre\17.0.7-win32-x86_64\bin\jli.dll
0x00007ffb82aa0000 - 0x00007ffb82c4a000 	C:\WINDOWS\System32\USER32.dll
0x00007ffb820c0000 - 0x00007ffb820e6000 	C:\WINDOWS\System32\win32u.dll
0x00007ffb49ae0000 - 0x00007ffb49af9000 	c:\Users\Hieu\.vscode\extensions\redhat.java-1.21.0-win32-x64\jre\17.0.7-win32-x86_64\bin\VCRUNTIME140.dll
0x00007ffb83f40000 - 0x00007ffb83f69000 	C:\WINDOWS\System32\GDI32.dll
0x00007ffb820f0000 - 0x00007ffb82209000 	C:\WINDOWS\System32\gdi32full.dll
0x00007ffb6d6a0000 - 0x00007ffb6d92e000 	C:\WINDOWS\WinSxS\amd64_microsoft.windows.common-controls_6595b64144ccf1df_6.0.22621.1635_none_270f70857386168e\COMCTL32.dll
0x00007ffb82330000 - 0x00007ffb823ca000 	C:\WINDOWS\System32\msvcp_win.dll
0x00007ffb82e30000 - 0x00007ffb82ed7000 	C:\WINDOWS\System32\msvcrt.dll
0x00007ffb83080000 - 0x00007ffb830b1000 	C:\WINDOWS\System32\IMM32.DLL
0x00007ffb79d80000 - 0x00007ffb79d8c000 	c:\Users\Hieu\.vscode\extensions\redhat.java-1.21.0-win32-x64\jre\17.0.7-win32-x86_64\bin\vcruntime140_1.dll
0x00007ffb308f0000 - 0x00007ffb30981000 	c:\Users\Hieu\.vscode\extensions\redhat.java-1.21.0-win32-x64\jre\17.0.7-win32-x86_64\bin\msvcp140.dll
0x00007ffb21b20000 - 0x00007ffb22768000 	c:\Users\Hieu\.vscode\extensions\redhat.java-1.21.0-win32-x64\jre\17.0.7-win32-x86_64\bin\server\jvm.dll
0x00007ffb82ee0000 - 0x00007ffb82f8e000 	C:\WINDOWS\System32\ADVAPI32.dll
0x00007ffb83e90000 - 0x00007ffb83f34000 	C:\WINDOWS\System32\sechost.dll
0x00007ffb82850000 - 0x00007ffb82967000 	C:\WINDOWS\System32\RPCRT4.dll
0x00007ffb71d30000 - 0x00007ffb71d39000 	C:\WINDOWS\SYSTEM32\WSOCK32.dll
0x00007ffb83e10000 - 0x00007ffb83e81000 	C:\WINDOWS\System32\WS2_32.dll
0x00007ffb7a110000 - 0x00007ffb7a144000 	C:\WINDOWS\SYSTEM32\WINMM.dll
0x00007ffb792e0000 - 0x00007ffb792ea000 	C:\WINDOWS\SYSTEM32\VERSION.dll
0x00007ffb80a90000 - 0x00007ffb80aa8000 	C:\WINDOWS\SYSTEM32\kernel.appcore.dll
0x00007ffb719b0000 - 0x00007ffb719ba000 	c:\Users\Hieu\.vscode\extensions\redhat.java-1.21.0-win32-x64\jre\17.0.7-win32-x86_64\bin\jimage.dll
0x00007ffb7f3d0000 - 0x00007ffb7f5fe000 	C:\WINDOWS\SYSTEM32\DBGHELP.DLL
0x00007ffb83a70000 - 0x00007ffb83df9000 	C:\WINDOWS\System32\combase.dll
0x00007ffb82fa0000 - 0x00007ffb83077000 	C:\WINDOWS\System32\OLEAUT32.dll
0x00007ffb6af10000 - 0x00007ffb6af42000 	C:\WINDOWS\SYSTEM32\dbgcore.DLL
0x00007ffb81c90000 - 0x00007ffb81d0a000 	C:\WINDOWS\System32\bcryptPrimitives.dll
0x00007ffb38b40000 - 0x00007ffb38b65000 	c:\Users\Hieu\.vscode\extensions\redhat.java-1.21.0-win32-x64\jre\17.0.7-win32-x86_64\bin\java.dll
0x00007ffb45650000 - 0x00007ffb45668000 	c:\Users\Hieu\.vscode\extensions\redhat.java-1.21.0-win32-x64\jre\17.0.7-win32-x86_64\bin\zip.dll
0x00007ffb83120000 - 0x00007ffb83919000 	C:\WINDOWS\System32\SHELL32.dll
0x00007ffb7f9a0000 - 0x00007ffb8026e000 	C:\WINDOWS\SYSTEM32\windows.storage.dll
0x00007ffb7f860000 - 0x00007ffb7f99e000 	C:\WINDOWS\SYSTEM32\wintypes.dll
0x00007ffb82620000 - 0x00007ffb82711000 	C:\WINDOWS\System32\SHCORE.dll
0x00007ffb830c0000 - 0x00007ffb8311e000 	C:\WINDOWS\System32\shlwapi.dll
0x00007ffb81920000 - 0x00007ffb81946000 	C:\WINDOWS\SYSTEM32\profapi.dll
0x00007ffb44610000 - 0x00007ffb44629000 	C:\Users\Hieu\.vscode\extensions\redhat.java-1.21.0-win32-x64\jre\17.0.7-win32-x86_64\bin\net.dll
0x00007ffb7a690000 - 0x00007ffb7a7c7000 	C:\WINDOWS\SYSTEM32\WINHTTP.dll
0x00007ffb80f60000 - 0x00007ffb80fc9000 	C:\WINDOWS\system32\mswsock.dll
0x00007ffb43fa0000 - 0x00007ffb43fb5000 	C:\Users\Hieu\.vscode\extensions\redhat.java-1.21.0-win32-x64\jre\17.0.7-win32-x86_64\bin\nio.dll
0x00007ffb81180000 - 0x00007ffb8119b000 	C:\WINDOWS\SYSTEM32\CRYPTSP.dll
0x00007ffb80a50000 - 0x00007ffb80a85000 	C:\WINDOWS\system32\rsaenh.dll
0x00007ffb81020000 - 0x00007ffb8104c000 	C:\WINDOWS\SYSTEM32\USERENV.dll
0x00007ffb813c0000 - 0x00007ffb813e8000 	C:\WINDOWS\SYSTEM32\bcrypt.dll
0x00007ffb811a0000 - 0x00007ffb811ac000 	C:\WINDOWS\SYSTEM32\CRYPTBASE.dll
0x00007ffb80540000 - 0x00007ffb8056d000 	C:\WINDOWS\SYSTEM32\IPHLPAPI.DLL
0x00007ffb82a90000 - 0x00007ffb82a99000 	C:\WINDOWS\System32\NSI.dll
0x00007ffb7a170000 - 0x00007ffb7a189000 	C:\WINDOWS\SYSTEM32\dhcpcsvc6.DLL
0x00007ffb7a150000 - 0x00007ffb7a16f000 	C:\WINDOWS\SYSTEM32\dhcpcsvc.DLL
0x00007ffb805b0000 - 0x00007ffb806a3000 	C:\WINDOWS\SYSTEM32\DNSAPI.dll
0x00007ffb7bbf0000 - 0x00007ffb7bbf9000 	C:\Users\Hieu\.vscode\extensions\redhat.java-1.21.0-win32-x64\jre\17.0.7-win32-x86_64\bin\management.dll
0x00007ffb733a0000 - 0x00007ffb733ab000 	C:\Users\Hieu\.vscode\extensions\redhat.java-1.21.0-win32-x64\jre\17.0.7-win32-x86_64\bin\management_ext.dll
0x00007ffb82970000 - 0x00007ffb82978000 	C:\WINDOWS\System32\PSAPI.DLL
0x00007ffb73390000 - 0x00007ffb7339e000 	C:\Users\Hieu\.vscode\extensions\redhat.java-1.21.0-win32-x64\jre\17.0.7-win32-x86_64\bin\sunmscapi.dll
0x00007ffb81b20000 - 0x00007ffb81c87000 	C:\WINDOWS\System32\CRYPT32.dll
0x00007ffb81390000 - 0x00007ffb813be000 	C:\WINDOWS\SYSTEM32\ncrypt.dll
0x00007ffb81350000 - 0x00007ffb81387000 	C:\WINDOWS\SYSTEM32\NTASN1.dll
0x00007ffb76e40000 - 0x00007ffb76e4a000 	C:\Windows\System32\rasadhlp.dll
0x00007ffb79960000 - 0x00007ffb799e4000 	C:\WINDOWS\System32\fwpuclnt.dll
0x00007ffb6c6e0000 - 0x00007ffb6c6f0000 	c:\Users\Hieu\.vscode\extensions\redhat.java-1.21.0-win32-x64\jre\17.0.7-win32-x86_64\bin\verify.dll

dbghelp: loaded successfully - version: 4.0.5 - missing functions: none
symbol engine: initialized successfully - sym options: 0x614 - pdb path: .;c:\Users\Hieu\.vscode\extensions\redhat.java-1.21.0-win32-x64\jre\17.0.7-win32-x86_64\bin;C:\WINDOWS\SYSTEM32;C:\WINDOWS\WinSxS\amd64_microsoft.windows.common-controls_6595b64144ccf1df_6.0.22621.1635_none_270f70857386168e;c:\Users\Hieu\.vscode\extensions\redhat.java-1.21.0-win32-x64\jre\17.0.7-win32-x86_64\bin\server

VM Arguments:
jvm_args: -XX:+HeapDumpOnOutOfMemoryError -Xmx1024m -Dsts.lsp.client=vscode -Dsts.log.file=/dev/null -XX:TieredStopAtLevel=1 -Xlog:jni+resolve=off -Dspring.config.location=file:c:\Users\Hieu\.vscode\extensions\vmware.vscode-spring-boot-1.48.0\language-server\BOOT-INF\classes\application.properties 
java_command: org.springframework.ide.vscode.boot.app.BootLanguageServerBootApp
java_class_path (initial): c:\Users\Hieu\.vscode\extensions\vmware.vscode-spring-boot-1.48.0\language-server\BOOT-INF\classes;c:\Users\Hieu\.vscode\extensions\vmware.vscode-spring-boot-1.48.0\language-server\BOOT-INF\lib\annotations-24.0.1.jar;c:\Users\Hieu\.vscode\extensions\vmware.vscode-spring-boot-1.48.0\language-server\BOOT-INF\lib\antlr-runtime-3.5.3.jar;c:\Users\Hieu\.vscode\extensions\vmware.vscode-spring-boot-1.48.0\language-server\BOOT-INF\lib\antlr4-4.11.1.jar;c:\Users\Hieu\.vscode\extensions\vmware.vscode-spring-boot-1.48.0\language-server\BOOT-INF\lib\antlr4-runtime-4.11.1.jar;c:\Users\Hieu\.vscode\extensions\vmware.vscode-spring-boot-1.48.0\language-server\BOOT-INF\lib\archunit-1.0.1.jar;c:\Users\Hieu\.vscode\extensions\vmware.vscode-spring-boot-1.48.0\language-server\BOOT-INF\lib\asm-9.5.jar;c:\Users\Hieu\.vscode\extensions\vmware.vscode-spring-boot-1.48.0\language-server\BOOT-INF\lib\asm-analysis-9.5.jar;c:\Users\Hieu\.vscode\extensions\vmware.vscode-spring-boot-1.48.0\language-server\BOOT-INF\lib\asm-tree-9.5.jar;c:\Users\Hieu\.vscode\extensions\vmware.vscode-spring-boot-1.48.0\language-server\BOOT-INF\lib\asm-util-9.5.jar;c:\Users\Hieu\.vscode\extensions\vmware.vscode-spring-boot-1.48.0\language-server\BOOT-INF\lib\bosh-language-server-1.48.0-SNAPSHOT.jar;c:\Users\Hieu\.vscode\extensions\vmware.vscode-spring-boot-1.48.0\language-server\BOOT-INF\lib\caffeine-3.1.6.jar;c:\Users\Hieu\.vscode\extensions\vmware.vscode-spring-boot-1.48.0\language-server\BOOT-INF\lib\checker-qual-3.12.0.jar;c:\Users\Hieu\.vscode\extensions\vmware.vscode-spring-boot-1.48.0\language-server\BOOT-INF\lib\classgraph-4.8.149.jar;c:\Users\Hieu\.vscode\extensions\vmware.vscode-spring-boot-1.48.0\language-server\BOOT-INF\lib\commons-codec-1.15.jar;c:\Users\Hieu\.vscode\extensions\vmware.vscode-spring-boot-1.48.0\language-server\BOOT-INF\lib\commons-compress-1.23.0.jar;c:\Users\Hieu\.vscode\extensions\vmware.vscode-spring-boot-1.48.0\language-server\BOOT-INF\lib\commons-io-2.4.ja
Launcher Type: SUN_STANDARD

[Global flags]
     intx CICompilerCount                          = 4                                         {product} {ergonomic}
     uint ConcGCThreads                            = 3                                         {product} {ergonomic}
     uint G1ConcRefinementThreads                  = 10                                        {product} {ergonomic}
   size_t G1HeapRegionSize                         = 1048576                                   {product} {ergonomic}
    uintx GCDrainStackTargetSize                   = 64                                        {product} {ergonomic}
     bool HeapDumpOnOutOfMemoryError               = true                                   {manageable} {command line}
   size_t InitialHeapSize                          = 123731968                                 {product} {ergonomic}
   size_t MarkStackSize                            = 4194304                                   {product} {ergonomic}
   size_t MaxHeapSize                              = 1073741824                                {product} {command line}
   size_t MaxNewSize                               = 643825664                                 {product} {ergonomic}
   size_t MinHeapDeltaBytes                        = 1048576                                   {product} {ergonomic}
   size_t MinHeapSize                              = 8388608                                   {product} {ergonomic}
    uintx NonProfiledCodeHeapSize                  = 0                                      {pd product} {ergonomic}
     bool ProfileInterpreter                       = false                                  {pd product} {command line}
    uintx ProfiledCodeHeapSize                     = 0                                      {pd product} {ergonomic}
   size_t SoftMaxHeapSize                          = 1073741824                             {manageable} {ergonomic}
     intx TieredStopAtLevel                        = 1                                         {product} {command line}
     bool UseCompressedClassPointers               = true                           {product lp64_product} {ergonomic}
     bool UseCompressedOops                        = true                           {product lp64_product} {ergonomic}
     bool UseG1GC                                  = true                                      {product} {ergonomic}
     bool UseLargePagesIndividualAllocation        = false                                  {pd product} {ergonomic}

Logging:
Log output configuration:
 #0: stdout all=warning,jni+resolve=off uptime,level,tags
 #1: stderr all=off uptime,level,tags

Environment Variables:
JAVA_HOME=C:\Program Files\Java\jdk-19
PATH=C:\Program Files (x86)\VMware\VMware Workstation\bin\;C:\Program Files\Common Files\Oracle\Java\javapath;C:\Program Files (x86)\Common Files\Oracle\Java\javapath;C:\Windows\system32;C:\Windows;C:\Windows\System32\Wbem;C:\Windows\System32\WindowsPowerShell\v1.0\;C:\Windows\System32\OpenSSH\;C:\Program Files (x86)\NVIDIA Corporation\PhysX\Common;C:\Program Files\NVIDIA Corporation\NVIDIA NvDLISR;C:\Program Files\Git\cmd;C:\Program Files\Microsoft SQL Server\Client SDK\ODBC\170\Tools\Binn\;C:\Program Files (x86)\Microsoft SQL Server\150\Tools\Binn\;C:\Program Files\Microsoft SQL Server\150\Tools\Binn\;C:\Program Files\Microsoft SQL Server\150\DTS\Binn\;C:\Program Files (x86)\Microsoft SQL Server\150\DTS\Binn\;C:\Program Files\Azure Data Studio\bin;C:\WINDOWS\system32;C:\WINDOWS;C:\WINDOWS\System32\Wbem;C:\WINDOWS\System32\WindowsPowerShell\v1.0\;C:\WINDOWS\System32\OpenSSH\;C:\Program Files\Java\jdk-16.0.2\bin;C:\ProgramData\ComposerSetup\bin;C:\Users\Hieu\AppData\Roaming\nvm;C:\Program Files\nodejs;C:\Strawberry\c\bin;C:\Strawberry\perl\site\bin;C:\Strawberry\perl\bin;C:\Program Files\Docker\Docker\resources\bin;C:\Program Files\PuTTY\;C:\Users\Hieu\AppData\Local\Microsoft\WindowsApps;C:\Users\Hieu\AppData\Local\Programs\Microsoft VS Code\bin;C:\MinGW\bin;C:\Program Files\JetBrains\IntelliJ IDEA Community Edition 2021.2.1\bin;;C:\Program Files\Azure Data Studio\bin;C:\Program Files\Java\jdk-19\bin;C:\xampp\php;C:\Users\Hieu\AppData\Roaming\Composer\vendor\bin;C:\Users\Hieu\AppData\Roaming\npm;C:\Users\Hieu\AppData\Roaming\nvm;C:\Program Files\nodejs;C:\gradle-8.0.1\bin;C:\apache-maven-3.9.0\bin;C:\Users\Hieu\Downloads\dos2unix-7.4.4-win64\bin;C:\Program Files (x86)\Nmap
USERNAME=Hieu
OS=Windows_NT
PROCESSOR_IDENTIFIER=AMD64 Family 23 Model 96 Stepping 1, AuthenticAMD
TMP=C:\Users\Hieu\AppData\Local\Temp
TEMP=C:\Users\Hieu\AppData\Local\Temp



---------------  S Y S T E M  ---------------

OS:
 Windows 11 , 64 bit Build 22621 (10.0.22621.1928)
OS uptime: 7 days 20:17 hours
Hyper-V role detected

CPU: total 12 (initial active 12) (12 cores per cpu, 2 threads per core) family 23 model 96 stepping 1 microcode 0x0, cx8, cmov, fxsr, ht, mmx, 3dnowpref, sse, sse2, sse3, ssse3, sse4a, sse4.1, sse4.2, popcnt, lzcnt, tsc, tscinvbit, avx, avx2, aes, clmul, bmi1, bmi2, adx, sha, fma, vzeroupper, clflush, clflushopt, hv

Memory: 4k page, system-wide physical 7549M (410M free)
TotalPageFile size 31101M (AvailPageFile size 63M)
current process WorkingSet (physical memory assigned to process): 91M, peak: 1095M
current process commit charge ("private bytes"): 352M, peak: 1174M

vm_info: OpenJDK 64-Bit Server VM (17.0.7+7) for windows-amd64 JRE (17.0.7+7), built on Apr 18 2023 22:10:42 by "temurin" with MS VC++ 16.7 (VS2019)

END.
